
Showing logs for build [32mzeebe-io-zeebe-zeeqs-helm-maste-j8jts-10[0m stage [32mfrom-build-pack[0m and container [32mcredential-initializer[0m
{"level":"info","ts":1596197893.6505766,"caller":"creds-init/main.go:44","msg":"Credentials initialized."}

Showing logs for build [32mzeebe-io-zeebe-zeeqs-helm-maste-j8jts-10[0m stage [32mfrom-build-pack[0m and container [32mworking-dir-initializer[0m

Showing logs for build [32mzeebe-io-zeebe-zeeqs-helm-maste-j8jts-10[0m stage [32mfrom-build-pack[0m and container [32mplace-tools[0m

Showing logs for build [32mzeebe-io-zeebe-zeeqs-helm-maste-j8jts-10[0m stage [32mfrom-build-pack[0m and container [32mstep-git-source-zeebe-io-zeebe-zeeqs-helm-maste-j8jts-fd6qc[0m
{"level":"info","ts":1596197903.7788663,"caller":"git/git.go:105","msg":"Successfully cloned https://github.com/zeebe-io/zeebe-zeeqs-helm.git @ v0.0.12 in path /workspace/source"}
{"level":"warn","ts":1596197903.7821913,"caller":"git/git.go:152","msg":"Unexpected error: creating symlink: symlink /tekton/home/.ssh /root/.ssh: file exists"}
{"level":"info","ts":1596197903.8695648,"caller":"git/git.go:133","msg":"Successfully initialized and updated submodules in path /workspace/source"}

Showing logs for build [32mzeebe-io-zeebe-zeeqs-helm-maste-j8jts-10[0m stage [32mfrom-build-pack[0m and container [32mstep-setup-builder-home[0m

Showing logs for build [32mzeebe-io-zeebe-zeeqs-helm-maste-j8jts-10[0m stage [32mfrom-build-pack[0m and container [32mstep-git-merge[0m
Using SHAs from PULL_REFS=master:8b57a4767b11793876e031a80bdff57d21037e02
WARNING: no SHAs to merge, falling back to initial cloned commit

Showing logs for build [32mzeebe-io-zeebe-zeeqs-helm-maste-j8jts-10[0m stage [32mfrom-build-pack[0m and container [32mstep-setup-jx-git-credentials[0m
Generated Git credentials file /tekton/home/git/credentials

Showing logs for build [32mzeebe-io-zeebe-zeeqs-helm-maste-j8jts-10[0m stage [32mfrom-build-pack[0m and container [32mstep-build-basic-auth-username[0m
/tekton/home/basic-auth-user.json

Showing logs for build [32mzeebe-io-zeebe-zeeqs-helm-maste-j8jts-10[0m stage [32mfrom-build-pack[0m and container [32mstep-build-basic-auth-password[0m
/tekton/home/basic-auth-pass.json

Showing logs for build [32mzeebe-io-zeebe-zeeqs-helm-maste-j8jts-10[0m stage [32mfrom-build-pack[0m and container [32mstep-build-release[0m
rm -rf zeeqs/charts
rm -rf zeeqs/zeeqs*.tgz
rm -rf zeeqs/requirements.lock
helm init --client-only
Creating /tekton/home/.helm 
Creating /tekton/home/.helm/repository 
Creating /tekton/home/.helm/repository/cache 
Creating /tekton/home/.helm/repository/local 
Creating /tekton/home/.helm/plugins 
Creating /tekton/home/.helm/starters 
Creating /tekton/home/.helm/cache/archive 
Creating /tekton/home/.helm/repository/repositories.yaml 
Adding stable repo with URL: https://kubernetes-charts.storage.googleapis.com 
Adding local repo with URL: http://127.0.0.1:8879/charts 
$HELM_HOME has been configured at /tekton/home/.helm.
Not installing Tiller due to 'client-only' flag having been set
Happy Helming!
helm repo add jenkins-x http://chartmuseum.jenkins-x.io
"jenkins-x" has been added to your repositories
#helm repo add releases http://jenkins-x-chartmuseum:8080
helm dependency build zeeqs
Hang tight while we grab the latest from your chart repositories...
...Unable to get an update from the "local" chart repository (http://127.0.0.1:8879/charts):
	Get http://127.0.0.1:8879/charts/index.yaml: dial tcp 127.0.0.1:8879: connect: connection refused
...Successfully got an update from the "stable" chart repository
...Successfully got an update from the "jenkins-x" chart repository
Update Complete. ⎈Happy Helming!⎈
Saving 1 charts
Downloading hazelcast from repo https://kubernetes-charts.storage.googleapis.com/
Deleting outdated charts
helm lint zeeqs
==> Linting zeeqs
Lint OK

1 chart(s) linted, no failures
sed -i -e "s/version:.*/version: 0.0.12/" zeeqs/Chart.yaml
helm package zeeqs
Successfully packaged chart and saved it to: /workspace/source/zeeqs-0.0.12.tgz
curl --fail -u *****:*********** --data-binary "@zeeqs-0.0.12.tgz" http://jenkins-x-chartmuseum:8080/api/charts
  % Total    % Received % Xferd  Average Speed   Time    Time     Time  Current
                                 Dload  Upload   Total   Spent    Left  Speed
  0     0    0     0    0     0      0      0 --:--:-- --:--:-- --:--:--     0100 14295  100    14  100 14281   1550  1544k --:--:-- --:--:-- --:--:-- 1743k
{"saved":true}rm -rf zeeqs*.tgz
** step changelog  --verbose --version 0.0.12
DEBUG: LC_ALL=C JX_LOG_LEVEL=error git rev-parse --is-shallow-repository
DEBUG: LC_ALL=C JX_LOG_LEVEL=error git fetch --unshallow
DEBUG: JX_LOG_LEVEL=error LC_ALL=C git fetch --tags
Converted /workspace/source to an unshallow repository
DEBUG: LC_ALL=C JX_LOG_LEVEL=error git for-each-ref --sort=-creatordate --format=%(objectname)%00%(refname:short) --count=2 refs/tags
DEBUG: LC_ALL=C JX_LOG_LEVEL=error git rev-list -n 1 8da36d9b1b54b365bc50d5cb24c483212c9420a0
DEBUG: LC_ALL=C JX_LOG_LEVEL=error git for-each-ref --sort=-creatordate --format=%(objectname)%00%(refname:short) --count=1 refs/tags
DEBUG: JX_LOG_LEVEL=error LC_ALL=C git rev-list -n 1 c0d79fab546a12ad02830bcdb6a83b919fed8c6c
DEBUG: Using helmBinary helm with feature flag: template-mode
Generating change log from git ref 1c08cb6138f3da8d4707320d404970357f6c6d15 => 79f9caf3c20bd6bc00f2ad7f62043f4cd049da6b
DEBUG: Found commits:
DEBUG:   commit 8b57a4767b11793876e031a80bdff57d21037e02
DEBUG:   Author: ******* <*******@gmail.com>
DEBUG:   Date: Fri Jul 31 13:17:28 2020
DEBUG:       updating makefile



Associating user ******* in users.jenkins.io with email *******@gmail.com to git GitProvider user with login *******-1 as emails match
Adding label jenkins.io/git-github-userid=*******-1 to user ******* in users.jenkins.io
Associating user ******* in users.jenkins.io with email *******@gmail.com to git GitProvider user with login *******-1 as emails match
Adding label jenkins.io/git-github-userid=*******-1 to user ******* in users.jenkins.io
Finding issues in commit messages using git format
DEBUG: Generated release notes:

## Changes

* updating makefile ([*******](https://github.com/*******))

DEBUG: LC_ALL=C JX_LOG_LEVEL=error git tag --list 0.0.12
DEBUG: LC_ALL=C JX_LOG_LEVEL=error git tag --list v0.0.12
WARNING: No release found for zeebe-io/zeebe-zeeqs-helm and tag v0.0.12 so creating a new release
Updated the release information at https://github.com/zeebe-io/zeebe-zeeqs-helm/releases/tag/v0.0.12
DEBUG: Not adding dependency matrix /workspace/source/dependency-matrix/matrix.yaml as does not exist
generated: /workspace/source/zeeqs/templates/release.yaml
Created Release zeebe-zeeqs-helm-0-0-12 resource in namespace **
Updating PipelineActivity zeebe-io-zeebe-zeeqs-helm-master-10 with version 0.0.12
Updated PipelineActivities zeebe-io-zeebe-zeeqs-helm-master-10 with release notes URL: https://github.com/zeebe-io/zeebe-zeeqs-helm/releases/tag/v0.0.12
