
Showing logs for build [32mzeebe-io-zeebe-zeeqs-helm-maste-5m7fp-2[0m stage [32mfrom-build-pack[0m and container [32mstep-credential-initializer-cjxzb[0m
{"level":"info","ts":1592229599.0095882,"logger":"fallback-logger","caller":"logging/config.go:69","msg":"Fetch GitHub commit ID from kodata failed: open /var/run/ko/refs/heads/0.8.0-ns-support: no such file or directory"}
{"level":"info","ts":1592229599.0099628,"logger":"fallback-logger","caller":"creds-init/main.go:40","msg":"Credentials initialized."}

Showing logs for build [32mzeebe-io-zeebe-zeeqs-helm-maste-5m7fp-2[0m stage [32mfrom-build-pack[0m and container [32mstep-working-dir-initializer-qr92q[0m
{"level":"info","ts":1592229599.5708444,"logger":"fallback-logger","caller":"logging/config.go:69","msg":"Fetch GitHub commit ID from kodata failed: open /var/run/ko/HEAD: no such file or directory"}
{"level":"info","ts":1592229599.5718155,"logger":"fallback-logger","caller":"bash/main.go:64","msg":"Successfully executed command \"sh -c mkdir -p /workspace/source\"; output "}

Showing logs for build [32mzeebe-io-zeebe-zeeqs-helm-maste-5m7fp-2[0m stage [32mfrom-build-pack[0m and container [32mstep-place-tools[0m

Showing logs for build [32mzeebe-io-zeebe-zeeqs-helm-maste-5m7fp-2[0m stage [32mfrom-build-pack[0m and container [32mstep-git-source-zeebe-io-zeebe-zeeqs-helm-maste-5m7fp-jwczt[0m
{"level":"info","ts":1592229603.6638875,"logger":"fallback-logger","caller":"logging/config.go:69","msg":"Fetch GitHub commit ID from kodata failed: open /var/run/ko/refs/heads/0.8.0-ns-support: no such file or directory"}
{"level":"info","ts":1592229606.2599015,"logger":"fallback-logger","caller":"git/git.go:103","msg":"Successfully cloned https://github.com/zeebe-io/zeebe-zeeqs-helm.git @ v0.0.4 in path /workspace/source"}

Showing logs for build [32mzeebe-io-zeebe-zeeqs-helm-maste-5m7fp-2[0m stage [32mfrom-build-pack[0m and container [32mstep-git-merge[0m
Using SHAs from PULL_REFS=master:1cd95635604c1bc23fc157b4445b313ff355512c
WARNING: no SHAs to merge, falling back to initial cloned commit

Showing logs for build [32mzeebe-io-zeebe-zeeqs-helm-maste-5m7fp-2[0m stage [32mfrom-build-pack[0m and container [32mstep-setup-jx-git-credentials[0m
Generated Git credentials file /builder/home/git/credentials

Showing logs for build [32mzeebe-io-zeebe-zeeqs-helm-maste-5m7fp-2[0m stage [32mfrom-build-pack[0m and container [32mstep-build-basic-auth-username[0m
/builder/home/basic-auth-user.json

Showing logs for build [32mzeebe-io-zeebe-zeeqs-helm-maste-5m7fp-2[0m stage [32mfrom-build-pack[0m and container [32mstep-build-basic-auth-password[0m
/builder/home/basic-auth-pass.json

Showing logs for build [32mzeebe-io-zeebe-zeeqs-helm-maste-5m7fp-2[0m stage [32mfrom-build-pack[0m and container [32mstep-build-release[0m
rm -rf zeeqs/charts
rm -rf zeeqs/zeeqs*.tgz
rm -rf zeeqs/requirements.lock
helm init --client-only
Creating /builder/home/.helm 
Creating /builder/home/.helm/repository 
Creating /builder/home/.helm/repository/cache 
Creating /builder/home/.helm/repository/local 
Creating /builder/home/.helm/plugins 
Creating /builder/home/.helm/starters 
Creating /builder/home/.helm/cache/archive 
Creating /builder/home/.helm/repository/repositories.yaml 
Adding stable repo with URL: https://kubernetes-charts.storage.googleapis.com 
Adding local repo with URL: http://127.0.0.1:8879/charts 
$HELM_HOME has been configured at /builder/home/.helm.
Not installing Tiller due to 'client-only' flag having been set
Happy Helming!
helm repo add jenkins-x http://chartmuseum.jenkins-x.io
"jenkins-x" has been added to your repositories
#helm repo add releases http://jenkins-x-chartmuseum:8080
helm dependency build zeeqs
Hang tight while we grab the latest from your chart repositories...
...Unable to get an update from the "local" chart repository (http://127.0.0.1:8879/charts):
	Get http://127.0.0.1:8879/charts/index.yaml: dial tcp 127.0.0.1:8879: connect: connection refused
...Successfully got an update from the "stable" chart repository
...Successfully got an update from the "jenkins-x" chart repository
Update Complete. ⎈Happy Helming!⎈
Saving 1 charts
Downloading hazelcast from repo https://kubernetes-charts.storage.googleapis.com/
Deleting outdated charts
helm lint zeeqs
==> Linting zeeqs
Lint OK

1 chart(s) linted, no failures
sed -i -e "s/version:.*/version: 0.0.4/" zeeqs/Chart.yaml
helm package zeeqs
Successfully packaged chart and saved it to: /workspace/source/zeeqs-0.0.4.tgz
curl --fail -u *****:*********** --data-binary "@zeeqs-0.0.4.tgz" http://jenkins-x-chartmuseum:8080/api/charts
  % Total    % Received % Xferd  Average Speed   Time    Time     Time  Current
                                 Dload  Upload   Total   Spent    Left  Speed
{"saved":true}rm -rf zeeqs*.tgz
  0     0    0     0    0     0      0      0 --:--:-- --:--:-- --:--:--     0100 13869  100    14  100 13855    896   866k --:--:-- --:--:-- --:--:--  902k
** step changelog  --verbose --version 0.0.4
DEBUG: LC_ALL=C JX_LOG_LEVEL=error git rev-parse --is-shallow-repository
DEBUG: LC_ALL=C JX_LOG_LEVEL=error git fetch --unshallow
DEBUG: LC_ALL=C JX_LOG_LEVEL=error git fetch --tags
Converted /workspace/source to an unshallow repository
DEBUG: LC_ALL=C JX_LOG_LEVEL=error git for-each-ref --sort=-creatordate --format=%(objectname)%00%(refname:short) --count=2 refs/tags
DEBUG: LC_ALL=C JX_LOG_LEVEL=error git rev-list -n 1 793ec2243867852cf1e49149fff9bc7548c3b805
DEBUG: JX_LOG_LEVEL=error LC_ALL=C git for-each-ref --sort=-creatordate --format=%(objectname)%00%(refname:short) --count=1 refs/tags
DEBUG: LC_ALL=C JX_LOG_LEVEL=error git rev-list -n 1 f19529324e0d08e34176aef41ca96afa3c8ab9b5
DEBUG: Using helmBinary helm with feature flag: template-mode
Generating change log from git ref 075062260246d14b9c3b14bf9ead698c4bfc37b8 => 9fbd6629f8c7dac8244af109dab0e6470f165116
DEBUG: Found commits:
DEBUG:   commit 1cd95635604c1bc23fc157b4445b313ff355512c
DEBUG:   Author: ******* <*******@gmail.com>
DEBUG:   Date: Mon Jun 15 14:59:21 2020
DEBUG:       remove ver



WARNING: Failed to enrich commit 1cd95635604c1bc23fc157b4445b313ff355512c with issues: selected more than one user from users.jenkins.io: [******* x-0]
WARNING: Failed to enrich commit 1cd95635604c1bc23fc157b4445b313ff355512c with issues: selected more than one user from users.jenkins.io: [******* x-0]
Finding issues in commit messages using git format
DEBUG: Generated release notes:

## Changes

* remove ver

DEBUG: JX_LOG_LEVEL=error LC_ALL=C git tag --list 0.0.4
DEBUG: LC_ALL=C JX_LOG_LEVEL=error git tag --list v0.0.4
WARNING: No release found for zeebe-io/zeebe-zeeqs-helm and tag v0.0.4 so creating a new release
Updated the release information at https://github.com/zeebe-io/zeebe-zeeqs-helm/releases/tag/v0.0.4
DEBUG: Not adding dependency matrix /workspace/source/dependency-matrix/matrix.yaml as does not exist
generated: /workspace/source/zeeqs/templates/release.yaml
Created Release zeebe-zeeqs-helm-0-0-4 resource in namespace **
Updating PipelineActivity zeebe-io-zeebe-zeeqs-helm-master-2 with version 0.0.4
Updated PipelineActivities zeebe-io-zeebe-zeeqs-helm-master-2 with release notes URL: https://github.com/zeebe-io/zeebe-zeeqs-helm/releases/tag/v0.0.4
